 
****************************************
Report : area
Design : cache_monitor
Version: O-2018.06-SP5-3
Date   : Tue Mar 14 18:53:45 2023
****************************************

Library(s) Used:

    C28SOI_SC_12_CORE_LL (File: /opt/DesignKit/cmos28fdsoi_29/C28SOI_SC_12_CORE_LL/5.1-05/libs/C28SOI_SC_12_CORE_LL_tt28_1.00V_0.00V_0.00V_0.00V_25C.db)

Number of ports:                          875
Number of nets:                          1639
Number of cells:                          839
Number of combinational cells:            745
Number of sequential cells:                75
Number of macros/black boxes:               0
Number of buf/inv:                        193
Number of references:                       1

Combinational area:                617.712005
Buf/Inv area:                       65.443202
Noncombinational area:             171.360004
Macro/Black Box area:                0.000000
Net Interconnect area:      undefined  (Wire load has zero net area)

Total cell area:                   789.072009
Total area:                 undefined
1
