 
****************************************
Report : area
Design : doCore
Version: O-2018.06-SP5-3
Date   : Wed Feb 22 11:29:20 2023
****************************************

Library(s) Used:

    C28SOI_SC_12_CORE_LL (File: /opt/DesignKit/cmos28fdsoi_29/C28SOI_SC_12_CORE_LL/5.1-05/libs/C28SOI_SC_12_CORE_LL_tt28_1.00V_0.00V_0.00V_0.00V_25C.db)

Number of ports:                        13969
Number of nets:                         54850
Number of cells:                        39033
Number of combinational cells:          34214
Number of sequential cells:              4412
Number of macros/black boxes:               0
Number of buf/inv:                      11523
Number of references:                      38

Combinational area:              29541.648103
Buf/Inv area:                     4714.032083
Noncombinational area:           10007.424231
Macro/Black Box area:                0.000000
Net Interconnect area:      undefined  (Wire load has zero net area)

Total cell area:                 39549.072333
Total area:                 undefined
1
