 
****************************************
Report : area
Design : cache_monitor
Version: O-2018.06-SP5-3
Date   : Fri Feb 17 17:01:56 2023
****************************************

Library(s) Used:

    C28SOI_SC_12_CORE_LL (File: /opt/DesignKit/cmos28fdsoi_29/C28SOI_SC_12_CORE_LL/5.1-05/libs/C28SOI_SC_12_CORE_LL_tt28_1.00V_0.00V_0.00V_0.00V_25C.db)

Number of ports:                          439
Number of nets:                           794
Number of cells:                          378
Number of combinational cells:            324
Number of sequential cells:                43
Number of macros/black boxes:               0
Number of buf/inv:                        107
Number of references:                       1

Combinational area:                259.814400
Buf/Inv area:                       36.393601
Noncombinational area:              98.246402
Macro/Black Box area:                0.000000
Net Interconnect area:      undefined  (Wire load has zero net area)

Total cell area:                   358.060802
Total area:                 undefined
1
