Loading db file '/opt/DesignKit/cmos28fdsoi_29/C28SOI_SC_12_CORE_LL/5.1-05/libs/C28SOI_SC_12_CORE_LL_tt28_1.00V_0.00V_0.00V_0.00V_25C.db'
Information: Propagating switching activity (low effort zero delay simulation). (PWR-6)
Warning: Design has unannotated primary inputs. (PWR-414)
Warning: Design has unannotated sequential cell outputs. (PWR-415)
 
****************************************
Report : power
        -analysis_effort low
Design : cache_monitor
Version: O-2018.06-SP5-3
Date   : Fri Feb 17 17:01:59 2023
****************************************


Library(s) Used:

    C28SOI_SC_12_CORE_LL (File: /opt/DesignKit/cmos28fdsoi_29/C28SOI_SC_12_CORE_LL/5.1-05/libs/C28SOI_SC_12_CORE_LL_tt28_1.00V_0.00V_0.00V_0.00V_25C.db)


Operating Conditions: tt28_1.00V_0.00V_0.00V_0.00V_25C   Library: C28SOI_SC_12_CORE_LL
Wire Load Model Mode: enclosed

Design        Wire Load Model            Library
------------------------------------------------
cache_monitor          wl_zero           C28SOI_SC_12_CORE_LL
cache_monitor_core     wl_zero           C28SOI_SC_12_CORE_LL
ccs_out_v1_rscid3_width1
                       wl_zero           C28SOI_SC_12_CORE_LL
mgc_io_sync_v2_valid0  wl_zero           C28SOI_SC_12_CORE_LL
cache_monitor_core_core_fsm
                       wl_zero           C28SOI_SC_12_CORE_LL
cache_monitor_core_DW01_add_0
                       wl_zero           C28SOI_SC_12_CORE_LL
cache_monitor_core_DW01_add_1
                       wl_zero           C28SOI_SC_12_CORE_LL
cache_monitor_core_DW01_inc_0
                       wl_zero           C28SOI_SC_12_CORE_LL
cache_monitor_core_DW01_inc_1
                       wl_zero           C28SOI_SC_12_CORE_LL


Global Operating Voltage = 1    
Power-specific unit information :
    Voltage Units = 1V
    Capacitance Units = 1.000000pf
    Time Units = 1ns
    Dynamic Power Units = 1mW    (derived from V,C,T units)
    Leakage Power Units = 1mW


  Cell Internal Power  =  19.6187 uW   (92%)
  Net Switching Power  =   1.7596 uW    (8%)
                         ---------
Total Dynamic Power    =  21.3782 uW  (100%)

Cell Leakage Power     =   7.6702 uW


                 Internal         Switching           Leakage            Total
Power Group      Power            Power               Power              Power   (   %    )  Attrs
--------------------------------------------------------------------------------------------------
io_pad             0.0000            0.0000            0.0000            0.0000  (   0.00%)
memory             0.0000            0.0000            0.0000            0.0000  (   0.00%)
black_box          0.0000            0.0000            0.0000            0.0000  (   0.00%)
clock_network      0.0000            0.0000            0.0000            0.0000  (   0.00%)
register       1.7498e-02        5.7587e-05        1.1658e-03        1.8722e-02  (  64.45%)
sequential         0.0000            0.0000            0.0000            0.0000  (   0.00%)
combinational  2.1204e-03        1.7020e-03        6.5044e-03        1.0327e-02  (  35.55%)
--------------------------------------------------------------------------------------------------
Total          1.9619e-02 mW     1.7596e-03 mW     7.6702e-03 mW     2.9048e-02 mW
1
